{
  "challenge_id": "security-compliance-challenge",
  "challenge_name": "Security Compliance Challenge",
  "status": "passed",
  "start_time": "2026-02-25T16:57:15.010981098+03:00",
  "end_time": "2026-02-25T16:57:39.326810477+03:00",
  "duration": 24315829381,
  "assertions": null,
  "metrics": null,
  "outputs": {
    "exit_code": "0",
    "stderr": "/run/media/milosvasic/DATA4TB/Projects/HelixAgent/challenges/scripts/security_compliance_challenge.sh: line 89: [[: 0\n0: syntax error in expression (error token is \"0\")",
    "stdout": "\u001b[0;34m[INFO] 2026-02-25 16:57:15 Starting challenge: Security Compliance Challenge\u001b[0m\n\u001b[0;34m[INFO] 2026-02-25 16:57:15 Output directory: /run/media/milosvasic/DATA4TB/Projects/HelixAgent/challenges/results/security-compliance/20260225_165715\u001b[0m\n\u001b[0;34m[INFO] 2026-02-25 16:57:15 Loaded environment from /run/media/milosvasic/DATA4TB/Projects/HelixAgent/.env\u001b[0m\n\u001b[0;34m[INFO] 2026-02-25 16:57:15 Testing security compliance...\u001b[0m\n\u001b[0;34m[INFO] 2026-02-25 16:57:15 Starting compliance challenge...\u001b[0m\n\u001b[0;34m[INFO] 2026-02-25 16:57:15 Test 1: Essential security headers present\u001b[0m\n\u001b[0;34m[INFO] 2026-02-25 16:57:15 Metric security_headers_found: 1\u001b[0m\n\u001b[0;32m[SUCCESS] 2026-02-25 16:57:15 Assertion security_headers (present): PASSED\u001b[0m\n\u001b[0;34m[INFO] 2026-02-25 16:57:15 Test 2: HTTPS upgrade capability\u001b[0m\n\u001b[0;32m[SUCCESS] 2026-02-25 16:57:15 Assertion https_upgrade (configured): PASSED\u001b[0m\n\u001b[0;34m[INFO] 2026-02-25 16:57:15 Test 3: Authentication enforcement\u001b[0m\n\u001b[0;32m[SUCCESS] 2026-02-25 16:57:39 Assertion auth_enforcement (optional): PASSED\u001b[0m\n\u001b[0;34m[INFO] 2026-02-25 16:57:39 Test 4: Error information disclosure prevention\u001b[0m\n\u001b[0;32m[SUCCESS] 2026-02-25 16:57:39 Assertion error_disclosure (prevented): PASSED\u001b[0m\n\u001b[0;31m[ERROR] 2026-02-25 16:57:39 Challenge Security Compliance Challenge completed: FAILED (24s)\u001b[0m\n\u001b[0;31m[ERROR] 2026-02-25 16:57:39 Assertions: 4 passed, 0\n0 failed\u001b[0m\n\u001b[0;34m[INFO] 2026-02-25 16:57:39 Results: /run/media/milosvasic/DATA4TB/Projects/HelixAgent/challenges/results/security-compliance/20260225_165715/results/security-compliance_results.json\u001b[0m\n\u001b[0;34m[INFO] 2026-02-25 16:57:39 Report: /run/media/milosvasic/DATA4TB/Projects/HelixAgent/challenges/results/security-compliance/20260225_165715/results/security-compliance_report.md\u001b[0m"
  },
  "logs": {
    "challenge_log": "challenge-results/logs/challenge.log",
    "output_log": "challenge-results/logs/output.log",
    "api_requests": "",
    "api_responses": ""
  }
}